Total: 4 apps
com.apple.TestFlight - TestFlight 1
com.google.chrome.ios - Chrome 53.0.2785.109
com.weather.TWC - The Weather 422880
com.apple.test.WebDriverAgentRunner-Runner - WebDriverAgentRunner 1
Total: 3 apps
com.apple.TestFlight - TestFlight 1
com.google.chrome.ios - Chrome 53.0.2785.109
com.apple.test.WebDriverAgentRunner-Runner - WebDriverAgentRunner 1
Total: 3 apps
com.apple.TestFlight - TestFlight 1
com.google.chrome.ios - Chrome 53.0.2785.109
com.apple.test.WebDriverAgentRunner-Runner - WebDriverAgentRunner 1
Total: 3 apps
com.apple.TestFlight - TestFlight 1
com.google.chrome.ios - Chrome 53.0.2785.109
com.apple.test.WebDriverAgentRunner-Runner - WebDriverAgentRunner 1
Total: 3 apps
com.apple.TestFlight - TestFlight 1
com.google.chrome.ios - Chrome 53.0.2785.109
com.apple.test.WebDriverAgentRunner-Runner - WebDriverAgentRunner 1
Total: 3 apps
com.apple.TestFlight - TestFlight 1
com.google.chrome.ios - Chrome 53.0.2785.109
com.apple.test.WebDriverAgentRunner-Runner - WebDriverAgentRunner 1
Total: 4 apps
com.apple.TestFlight - TestFlight 1
com.google.chrome.ios - Chrome 53.0.2785.109
com.weather.TWC - The Weather 422880
com.apple.test.WebDriverAgentRunner-Runner - WebDriverAgentRunner 1
Total: 4 apps
com.apple.TestFlight - TestFlight 1
com.google.chrome.ios - Chrome 53.0.2785.109
com.weather.TWC - The Weather 422880
com.apple.test.WebDriverAgentRunner-Runner - WebDriverAgentRunner 1
Total: 4 apps
com.apple.TestFlight - TestFlight 1
com.google.chrome.ios - Chrome 53.0.2785.109
com.weather.TWC - The Weather 422880
com.apple.test.WebDriverAgentRunner-Runner - WebDriverAgentRunner 1
Total: 4 apps
com.apple.TestFlight - TestFlight 1
com.google.chrome.ios - Chrome 53.0.2785.109
com.weather.TWC - The Weather 422880
com.apple.test.WebDriverAgentRunner-Runner - WebDriverAgentRunner 1
Total: 4 apps
com.apple.TestFlight - TestFlight 1
com.google.chrome.ios - Chrome 53.0.2785.109
com.weather.TWC - The Weather 422886
com.apple.test.WebDriverAgentRunner-Runner - WebDriverAgentRunner 1
Total: 4 apps
com.apple.TestFlight - TestFlight 1
com.google.chrome.ios - Chrome 53.0.2785.109
com.weather.TWC - The Weather 422889
com.apple.test.WebDriverAgentRunner-Runner - WebDriverAgentRunner 1
Total: 4 apps
com.apple.TestFlight - TestFlight 1
com.google.chrome.ios - Chrome 53.0.2785.109
com.weather.TWC - The Weather 422889
com.apple.test.WebDriverAgentRunner-Runner - WebDriverAgentRunner 1
Total: 4 apps
com.apple.test.WebDriverAgentRunner-Runner - WebDriverAgentRunner 1
com.apple.TestFlight - TestFlight 1
com.google.chrome.ios - Chrome 53.0.2785.109
com.weather.TWC - The Weather 422889
Total: 4 apps
com.weather.TWC - The Weather 422890
com.apple.test.WebDriverAgentRunner-Runner - WebDriverAgentRunner 1
com.apple.TestFlight - TestFlight 1
com.google.chrome.ios - Chrome 53.0.2785.109
Total: 4 apps
com.weather.TWC - The Weather 422890
com.apple.test.WebDriverAgentRunner-Runner - WebDriverAgentRunner 1
com.apple.TestFlight - TestFlight 1
com.google.chrome.ios - Chrome 53.0.2785.109
Total: 4 apps
com.apple.TestFlight - TestFlight 1
com.weather.TWC - The Weather 422890
com.google.chrome.ios - Chrome 53.0.2785.109
com.apple.test.WebDriverAgentRunner-Runner - WebDriverAgentRunner 1
Total: 4 apps
com.apple.TestFlight - TestFlight 1
com.google.chrome.ios - Chrome 53.0.2785.109
com.weather.TWC - The Weather 422890
com.apple.test.WebDriverAgentRunner-Runner - WebDriverAgentRunner 1
Total: 4 apps
com.apple.TestFlight - TestFlight 1
com.google.chrome.ios - Chrome 53.0.2785.109
com.weather.TWC - The Weather 422890
com.apple.test.WebDriverAgentRunner-Runner - WebDriverAgentRunner 1
Total: 4 apps
com.apple.TestFlight - TestFlight 1
com.google.chrome.ios - Chrome 53.0.2785.109
com.weather.TWC - The Weather 422890
com.apple.test.WebDriverAgentRunner-Runner - WebDriverAgentRunner 1
Total: 4 apps
com.apple.TestFlight - TestFlight 1
com.google.chrome.ios - Chrome 53.0.2785.109
com.weather.TWC - The Weather 422890
com.apple.test.WebDriverAgentRunner-Runner - WebDriverAgentRunner 1
Total: 4 apps
com.apple.TestFlight - TestFlight 1
com.google.chrome.ios - Chrome 53.0.2785.109
com.weather.TWC - The Weather 422890
com.apple.test.WebDriverAgentRunner-Runner - WebDriverAgentRunner 1
Total: 4 apps
com.apple.TestFlight - TestFlight 1
com.google.chrome.ios - Chrome 53.0.2785.109
com.weather.TWC - The Weather 422890
com.apple.test.WebDriverAgentRunner-Runner - WebDriverAgentRunner 1
Total: 4 apps
com.apple.TestFlight - TestFlight 1
com.google.chrome.ios - Chrome 53.0.2785.109
com.weather.TWC - The Weather 422890
com.apple.test.WebDriverAgentRunner-Runner - WebDriverAgentRunner 1
Total: 4 apps
com.apple.TestFlight - TestFlight 1
com.google.chrome.ios - Chrome 53.0.2785.109
com.weather.TWC - The Weather 422890
com.apple.test.WebDriverAgentRunner-Runner - WebDriverAgentRunner 1
Total: 4 apps
com.apple.TestFlight - TestFlight 1
com.google.chrome.ios - Chrome 53.0.2785.109
com.weather.TWC - The Weather 422890
com.apple.test.WebDriverAgentRunner-Runner - WebDriverAgentRunner 1
Total: 4 apps
com.apple.TestFlight - TestFlight 1
com.google.chrome.ios - Chrome 53.0.2785.109
com.weather.TWC - The Weather 422890
com.apple.test.WebDriverAgentRunner-Runner - WebDriverAgentRunner 1
Total: 3 apps
com.apple.TestFlight - TestFlight 1
com.google.chrome.ios - Chrome 53.0.2785.109
com.weather.TWC - The Weather 422890
Total: 4 apps
com.apple.TestFlight - TestFlight 1
com.google.chrome.ios - Chrome 53.0.2785.109
com.weather.TWC - The Weather 422890
com.apple.test.WebDriverAgentRunner-Runner - WebDriverAgentRunner 1
Total: 4 apps
com.apple.TestFlight - TestFlight 1
com.google.chrome.ios - Chrome 53.0.2785.109
com.weather.TWC - The Weather 422890
com.apple.test.WebDriverAgentRunner-Runner - WebDriverAgentRunner 1
Total: 4 apps
com.apple.TestFlight - TestFlight 1
com.google.chrome.ios - Chrome 53.0.2785.109
com.weather.TWC - The Weather 422890
com.apple.test.WebDriverAgentRunner-Runner - WebDriverAgentRunner 1
Total: 4 apps
com.apple.TestFlight - TestFlight 1
com.google.chrome.ios - Chrome 53.0.2785.109
com.weather.TWC - The Weather 422891
com.apple.test.WebDriverAgentRunner-Runner - WebDriverAgentRunner 1
Total: 4 apps
com.weather.TWC - The Weather 422891
com.apple.test.WebDriverAgentRunner-Runner - WebDriverAgentRunner 1
com.apple.TestFlight - TestFlight 1
com.google.chrome.ios - Chrome 53.0.2785.109
Total: 4 apps
com.weather.TWC - The Weather 422891
com.apple.test.WebDriverAgentRunner-Runner - WebDriverAgentRunner 1
com.apple.TestFlight - TestFlight 1
com.google.chrome.ios - Chrome 53.0.2785.109
Total: 4 apps
com.apple.TestFlight - TestFlight 1
com.weather.TWC - The Weather 422891
com.google.chrome.ios - Chrome 53.0.2785.109
com.apple.test.WebDriverAgentRunner-Runner - WebDriverAgentRunner 1
Total: 4 apps
com.apple.TestFlight - TestFlight 1
com.google.chrome.ios - Chrome 53.0.2785.109
com.weather.TWC - The Weather 422891
com.apple.test.WebDriverAgentRunner-Runner - WebDriverAgentRunner 1
Total: 4 apps
com.apple.TestFlight - TestFlight 1
com.google.chrome.ios - Chrome 53.0.2785.109
com.weather.TWC - The Weather 422891
com.apple.test.WebDriverAgentRunner-Runner - WebDriverAgentRunner 1
Total: 4 apps
com.apple.TestFlight - TestFlight 1
com.google.chrome.ios - Chrome 53.0.2785.109
com.weather.TWC - The Weather 422891
com.apple.test.WebDriverAgentRunner-Runner - WebDriverAgentRunner 1
Total: 4 apps
com.apple.TestFlight - TestFlight 1
com.google.chrome.ios - Chrome 53.0.2785.109
com.weather.TWC - The Weather 422891
com.apple.test.WebDriverAgentRunner-Runner - WebDriverAgentRunner 1
Total: 4 apps
com.apple.TestFlight - TestFlight 1
com.google.chrome.ios - Chrome 53.0.2785.109
com.weather.TWC - The Weather 422891
com.apple.test.WebDriverAgentRunner-Runner - WebDriverAgentRunner 1
Total: 4 apps
com.apple.TestFlight - TestFlight 1
com.google.chrome.ios - Chrome 53.0.2785.109
com.weather.TWC - The Weather 422891
com.apple.test.WebDriverAgentRunner-Runner - WebDriverAgentRunner 1
Total: 2 apps
com.apple.TestFlight - TestFlight 1
com.google.chrome.ios - Chrome 53.0.2785.109
Total: 4 apps
com.apple.TestFlight - TestFlight 1
com.google.chrome.ios - Chrome 53.0.2785.109
com.weather.TWC - The Weather 422891
com.apple.test.WebDriverAgentRunner-Runner - WebDriverAgentRunner 1
Total: 4 apps
com.apple.TestFlight - TestFlight 1
com.google.chrome.ios - Chrome 53.0.2785.109
com.weather.TWC - The Weather 422897
com.apple.test.WebDriverAgentRunner-Runner - WebDriverAgentRunner 1
Total: 4 apps
com.apple.TestFlight - TestFlight 1
com.google.chrome.ios - Chrome 53.0.2785.109
com.weather.TWC - The Weather 422900
com.apple.test.WebDriverAgentRunner-Runner - WebDriverAgentRunner 1
Total: 4 apps
com.apple.TestFlight - TestFlight 1
com.google.chrome.ios - Chrome 53.0.2785.109
com.weather.TWC - The Weather 422900
com.apple.test.WebDriverAgentRunner-Runner - WebDriverAgentRunner 1
Total: 4 apps
com.apple.TestFlight - TestFlight 1
com.google.chrome.ios - Chrome 53.0.2785.109
com.weather.TWC - The Weather 422900
com.apple.test.WebDriverAgentRunner-Runner - WebDriverAgentRunner 1
Total: 4 apps
com.apple.TestFlight - TestFlight 1
com.google.chrome.ios - Chrome 53.0.2785.109
com.weather.TWC - The Weather 422900
com.apple.test.WebDriverAgentRunner-Runner - WebDriverAgentRunner 1
CFBundleIdentifier, CFBundleVersion, CFBundleDisplayName
com.weather.TWC, "423774", "The Weather"
com.apple.test.WebDriverAgentRunner-Runner, "1", "WebDriverAgentRunner-Runner"
com.apple.TestFlight, "81", "TestFlight"
com.google.ios.youtube, "12.40.6", "YouTube"
CFBundleIdentifier, CFBundleVersion, CFBundleDisplayName
com.weather.TWC, "423648", "The Weather"
com.apple.TestFlight, "81", "TestFlight"
com.google.ios.youtube, "12.40.6", "YouTube"
CFBundleIdentifier, CFBundleVersion, CFBundleDisplayName
com.weather.TWC, "423648", "The Weather"
com.apple.test.WebDriverAgentRunner-Runner, "1", "WebDriverAgentRunner-Runner"
com.apple.TestFlight, "81", "TestFlight"
com.google.ios.youtube, "12.40.6", "YouTube"
CFBundleIdentifier, CFBundleVersion, CFBundleDisplayName
com.apple.test.WebDriverAgentRunner-Runner, "1", "WebDriverAgentRunner-Runner"
com.weather.TWC, "423648", "The Weather"
com.apple.TestFlight, "81", "TestFlight"
com.google.ios.youtube, "12.40.6", "YouTube"
CFBundleIdentifier, CFBundleVersion, CFBundleDisplayName
com.apple.test.WebDriverAgentRunner-Runner, "1", "WebDriverAgentRunner-Runner"
com.weather.TWC, "423648", "The Weather"
com.apple.TestFlight, "81", "TestFlight"
com.google.ios.youtube, "12.40.6", "YouTube"
CFBundleIdentifier, CFBundleVersion, CFBundleDisplayName
com.weather.TWC, "423648", "The Weather"
com.apple.test.WebDriverAgentRunner-Runner, "1", "WebDriverAgentRunner-Runner"
com.apple.TestFlight, "81", "TestFlight"
com.google.ios.youtube, "12.40.6", "YouTube"
CFBundleIdentifier, CFBundleVersion, CFBundleDisplayName
com.apple.TestFlight, "81", "TestFlight"
com.apple.test.WebDriverAgentRunner-Runner, "1", "WebDriverAgentRunner-Runner"
com.google.ios.youtube, "12.40.6", "YouTube"
CFBundleIdentifier, CFBundleVersion, CFBundleDisplayName
com.apple.test.WebDriverAgentRunner-Runner, "1", "WebDriverAgentRunner-Runner"
com.weather.TWC, "423822", "The Weather"
com.apple.TestFlight, "81", "TestFlight"
com.google.ios.youtube, "12.42.10", "YouTube"
CFBundleIdentifier, CFBundleVersion, CFBundleDisplayName
com.apple.TestFlight, "81", "TestFlight"
com.weather.TWC, "423841", "The Weather"
com.apple.test.WebDriverAgentRunner-Runner, "1", "WebDriverAgentRunner-Runner"
com.google.ios.youtube, "12.42.10", "YouTube"
CFBundleIdentifier, CFBundleVersion, CFBundleDisplayName
com.apple.TestFlight, "81", "TestFlight"
com.apple.test.WebDriverAgentRunner-Runner, "1", "WebDriverAgentRunner-Runner"
com.weather.TWC, "423776", "The Weather"
com.google.ios.youtube, "12.42.10", "YouTube"
CFBundleIdentifier, CFBundleVersion, CFBundleDisplayName
com.apple.TestFlight, "81", "TestFlight"
com.apple.test.WebDriverAgentRunner-Runner, "1", "WebDriverAgentRunner-Runner"
com.weather.TWC, "423776", "The Weather"
com.google.ios.youtube, "12.42.10", "YouTube"
CFBundleIdentifier, CFBundleVersion, CFBundleDisplayName
com.apple.TestFlight, "81", "TestFlight"
com.apple.test.WebDriverAgentRunner-Runner, "1", "WebDriverAgentRunner-Runner"
com.weather.TWC, "423776", "The Weather"
com.google.ios.youtube, "12.42.10", "YouTube"
CFBundleIdentifier, CFBundleVersion, CFBundleDisplayName
com.apple.TestFlight, "81", "TestFlight"
com.apple.test.WebDriverAgentRunner-Runner, "1", "WebDriverAgentRunner-Runner"
com.weather.TWC, "423776", "The Weather"
com.google.ios.youtube, "12.42.10", "YouTube"
CFBundleIdentifier, CFBundleVersion, CFBundleDisplayName
com.apple.TestFlight, "81", "TestFlight"
com.google.ios.youtube, "12.43.8", "YouTube"
com.apple.test.WebDriverAgentRunner-Runner, "1", "WebDriverAgentRunner-Runner"
com.weather.TWC, "423859", "The Weather"
CFBundleIdentifier, CFBundleVersion, CFBundleDisplayName
com.apple.TestFlight, "81", "TestFlight"
com.google.ios.youtube, "12.43.8", "YouTube"
com.apple.test.WebDriverAgentRunner-Runner, "1", "WebDriverAgentRunner-Runner"
com.weather.TWC, "423776", "The Weather"
CFBundleIdentifier, CFBundleVersion, CFBundleDisplayName
com.apple.TestFlight, "81", "TestFlight"
com.google.ios.youtube, "12.43.8", "YouTube"
com.apple.test.WebDriverAgentRunner-Runner, "1", "WebDriverAgentRunner-Runner"
com.weather.TWC, "423776", "The Weather"
CFBundleIdentifier, CFBundleVersion, CFBundleDisplayName
com.apple.TestFlight, "81", "TestFlight"
com.google.ios.youtube, "12.43.8", "YouTube"
com.apple.test.WebDriverAgentRunner-Runner, "1", "WebDriverAgentRunner-Runner"
com.weather.TWC, "423776", "The Weather"
CFBundleIdentifier, CFBundleVersion, CFBundleDisplayName
com.apple.TestFlight, "81", "TestFlight"
com.google.ios.youtube, "12.43.8", "YouTube"
com.apple.test.WebDriverAgentRunner-Runner, "1", "WebDriverAgentRunner-Runner"
com.weather.TWC, "423776", "The Weather"
CFBundleIdentifier, CFBundleVersion, CFBundleDisplayName
com.apple.TestFlight, "81", "TestFlight"
com.google.ios.youtube, "12.43.8", "YouTube"
com.apple.test.WebDriverAgentRunner-Runner, "1", "WebDriverAgentRunner-Runner"
CFBundleIdentifier, CFBundleVersion, CFBundleDisplayName
com.apple.TestFlight, "81", "TestFlight"
com.google.ios.youtube, "12.43.8", "YouTube"
com.apple.test.WebDriverAgentRunner-Runner, "1", "WebDriverAgentRunner-Runner"
com.weather.TWC, "423776", "The Weather"
CFBundleIdentifier, CFBundleVersion, CFBundleDisplayName
com.apple.TestFlight, "81", "TestFlight"
com.google.ios.youtube, "12.43.8", "YouTube"
com.apple.test.WebDriverAgentRunner-Runner, "1", "WebDriverAgentRunner-Runner"
com.weather.TWC, "423776", "The Weather"
CFBundleIdentifier, CFBundleVersion, CFBundleDisplayName
com.apple.TestFlight, "81", "TestFlight"
com.google.ios.youtube, "12.43.8", "YouTube"
com.apple.test.WebDriverAgentRunner-Runner, "1", "WebDriverAgentRunner-Runner"
com.weather.TWC, "423776", "The Weather"
CFBundleIdentifier, CFBundleVersion, CFBundleDisplayName
com.apple.TestFlight, "81", "TestFlight"
com.google.ios.youtube, "12.43.8", "YouTube"
com.apple.test.WebDriverAgentRunner-Runner, "1", "WebDriverAgentRunner-Runner"
com.weather.TWC, "423776", "The Weather"
CFBundleIdentifier, CFBundleVersion, CFBundleDisplayName
com.apple.TestFlight, "81", "TestFlight"
com.google.ios.youtube, "12.43.8", "YouTube"
com.apple.test.WebDriverAgentRunner-Runner, "1", "WebDriverAgentRunner-Runner"
com.weather.TWC, "423776", "The Weather"
CFBundleIdentifier, CFBundleVersion, CFBundleDisplayName
com.apple.TestFlight, "81", "TestFlight"
com.google.ios.youtube, "12.43.8", "YouTube"
com.apple.test.WebDriverAgentRunner-Runner, "1", "WebDriverAgentRunner-Runner"
com.weather.TWC, "423776", "The Weather"
CFBundleIdentifier, CFBundleVersion, CFBundleDisplayName
com.apple.TestFlight, "81", "TestFlight"
com.google.ios.youtube, "12.43.8", "YouTube"
com.apple.test.WebDriverAgentRunner-Runner, "1", "WebDriverAgentRunner-Runner"
com.weather.TWC, "423776", "The Weather"
CFBundleIdentifier, CFBundleVersion, CFBundleDisplayName
com.apple.TestFlight, "81", "TestFlight"
com.google.ios.youtube, "12.43.8", "YouTube"
com.apple.test.WebDriverAgentRunner-Runner, "1", "WebDriverAgentRunner-Runner"
com.weather.TWC, "423776", "The Weather"
CFBundleIdentifier, CFBundleVersion, CFBundleDisplayName
com.apple.TestFlight, "81", "TestFlight"
com.google.ios.youtube, "12.43.8", "YouTube"
com.apple.test.WebDriverAgentRunner-Runner, "1", "WebDriverAgentRunner-Runner"
com.weather.TWC, "423776", "The Weather"
CFBundleIdentifier, CFBundleVersion, CFBundleDisplayName
com.apple.TestFlight, "81", "TestFlight"
com.google.ios.youtube, "12.43.8", "YouTube"
com.apple.test.WebDriverAgentRunner-Runner, "1", "WebDriverAgentRunner-Runner"
com.weather.TWC, "423776", "The Weather"
CFBundleIdentifier, CFBundleVersion, CFBundleDisplayName
com.apple.TestFlight, "81", "TestFlight"
com.google.ios.youtube, "12.43.8", "YouTube"
com.apple.test.WebDriverAgentRunner-Runner, "1", "WebDriverAgentRunner-Runner"
com.weather.TWC, "423776", "The Weather"
CFBundleIdentifier, CFBundleVersion, CFBundleDisplayName
com.apple.TestFlight, "81", "TestFlight"
com.google.ios.youtube, "12.43.8", "YouTube"
com.apple.test.WebDriverAgentRunner-Runner, "1", "WebDriverAgentRunner-Runner"
com.weather.TWC, "423776", "The Weather"
CFBundleIdentifier, CFBundleVersion, CFBundleDisplayName
com.getsamosa.Samosa, "19", "Samosa"
com.streamoid.piq, "6", "Eenadu"
com.shopclues.iosapp, "97", "ShopClues"
com.truesoftware.TrueCallerOther, "4", "Truecaller"
com.google.ChromeRemoteDesktop, "1.0.10.0", "Chrome Remote Desktop"
com.google.Drive, "4.2017.26209", "Drive"
com.apple.Pages, "2160", "Pages"
com.zarboo.SpeakEasyIILite, "2.1", "SpeakEasy"
com.dingding.game.ballooncrush, "20140416", "Crush!"
com.apple.Keynote, "2180", "Keynote"
com.google.Authenticator, "3.0.1205", "Authenticator"
com.google.Maps, "4.32.1002", "Google Maps"
com.apple.itunesu, "1481", "iTunes U"
com.varasol.TeluguPanchangamCalendar, "1", "Telugu Calendar Panchangam"
olacabs.OlaCabs, "4.2.6", "Olacabs"
com.ubercab.UberClient, "3.225.3", "Uber"
com.google.ios.youtube, "11.07.9", "YouTube"
com.ihandysoft.barcode.qr.free, "1.1.6.1", "Quick Scan"
com.intsig.CamScannerLite, "3.9.13.13055", "CamScanner"
com.apple.mobilegarageband, "4257.23", "GarageBand"
BookMyShow.com, "78", "BookMyShow"
com.google.photos, "2.8.145342516", "Google Photos"
com.google.Chromecast, "1.16.1405", "Google Cast"
com.apple.iMovie, "2347.0.63", "iMovie"
org.videolan.vlc-ios, "278.1", "VLC"
com.apple.Numbers, "2163", "Numbers"
com.google.chrome.ios, "59.0.3071.102", "Chrome"
com.microsoft.Office.Outlook, "24481", "Outlook"
com.appflipkart.flipkart, "4.5.2", "Flipkart"
com.amazon.Amazon, "21219.1", "Amazon"
com.bigduckgames.flow, "2.9.1", "Flow Free"
com.youbroadband.mobapp, "1.1", "YOU Broadband"
com.BhartiMobile.myairtel, "147", "My Airtel"
com.greytip.ghress, "3.5.0", "greytHR"
com.google.Gmail, "5.0.170312.600872", "Gmail"
imoimiphone, "7.00.5906", "imo"
net.whatsapp.WhatsApp, "2.17.41.17", "WhatsApp"
com.one97.paytm, "657", "Paytm"
com.lenovo.anyshare, "2560000004", "SHAREit"
com.apple.test.WebDriverAgentRunner-Runner, "1", "WebDriverAgentRunner-Runner"
com.facebook.Messenger, "53726189", "Messenger"
com.srajvenkat.Device-Identifiers, "3", "Developer Info"
com.tinyspeck.chatlyio, "362477", "Slack"
com.axisbank.axismobile, "3.3.1", "Axis Mobile"
com.skype.skype, "8.8.0.61630", "Skype"
net.peakgames.amy, "3322", "Toy Blast"
com.one97.mall, "55", "Mall"
com.google.hangouts, "17.0.159915798", "Hangouts"
com.Bharti.AirtelMusicApp, "98", "Wynk Music"
com.jio.jioplay, "1.1.14", "JioTV"
com.facebook.Facebook, "75938921", "Facebook"
com.apple.TestFlight, "81", "TestFlight"
CFBundleIdentifier, CFBundleVersion, CFBundleDisplayName
com.getsamosa.Samosa, "19", "Samosa"
com.streamoid.piq, "6", "Eenadu"
com.shopclues.iosapp, "97", "ShopClues"
com.truesoftware.TrueCallerOther, "4", "Truecaller"
com.google.ChromeRemoteDesktop, "1.0.10.0", "Chrome Remote Desktop"
com.google.Drive, "4.2017.26209", "Drive"
com.apple.Pages, "2160", "Pages"
com.zarboo.SpeakEasyIILite, "2.1", "SpeakEasy"
com.dingding.game.ballooncrush, "20140416", "Crush!"
com.apple.Keynote, "2180", "Keynote"
com.google.Authenticator, "3.0.1205", "Authenticator"
com.google.Maps, "4.32.1002", "Google Maps"
com.apple.itunesu, "1481", "iTunes U"
com.varasol.TeluguPanchangamCalendar, "1", "Telugu Calendar Panchangam"
olacabs.OlaCabs, "4.2.6", "Olacabs"
com.ubercab.UberClient, "3.225.3", "Uber"
com.google.ios.youtube, "11.07.9", "YouTube"
com.ihandysoft.barcode.qr.free, "1.1.6.1", "Quick Scan"
com.intsig.CamScannerLite, "3.9.13.13055", "CamScanner"
com.apple.mobilegarageband, "4257.23", "GarageBand"
BookMyShow.com, "78", "BookMyShow"
com.google.photos, "2.8.145342516", "Google Photos"
com.google.Chromecast, "1.16.1405", "Google Cast"
com.apple.iMovie, "2347.0.63", "iMovie"
org.videolan.vlc-ios, "278.1", "VLC"
com.apple.Numbers, "2163", "Numbers"
com.google.chrome.ios, "59.0.3071.102", "Chrome"
com.microsoft.Office.Outlook, "24481", "Outlook"
com.appflipkart.flipkart, "4.5.2", "Flipkart"
com.amazon.Amazon, "21219.1", "Amazon"
com.bigduckgames.flow, "2.9.1", "Flow Free"
com.youbroadband.mobapp, "1.1", "YOU Broadband"
com.BhartiMobile.myairtel, "147", "My Airtel"
com.greytip.ghress, "3.5.0", "greytHR"
com.google.Gmail, "5.0.170312.600872", "Gmail"
imoimiphone, "7.00.5906", "imo"
net.whatsapp.WhatsApp, "2.17.41.17", "WhatsApp"
com.one97.paytm, "657", "Paytm"
com.lenovo.anyshare, "2560000004", "SHAREit"
com.apple.test.WebDriverAgentRunner-Runner, "1", "WebDriverAgentRunner-Runner"
com.facebook.Messenger, "53726189", "Messenger"
com.srajvenkat.Device-Identifiers, "3", "Developer Info"
com.tinyspeck.chatlyio, "362477", "Slack"
com.axisbank.axismobile, "3.3.1", "Axis Mobile"
com.skype.skype, "8.8.0.61630", "Skype"
net.peakgames.amy, "3322", "Toy Blast"
com.one97.mall, "55", "Mall"
com.google.hangouts, "17.0.159915798", "Hangouts"
com.Bharti.AirtelMusicApp, "98", "Wynk Music"
com.jio.jioplay, "1.1.14", "JioTV"
com.facebook.Facebook, "75938921", "Facebook"
com.apple.TestFlight, "81", "TestFlight"
CFBundleIdentifier, CFBundleVersion, CFBundleDisplayName
com.getsamosa.Samosa, "19", "Samosa"
com.streamoid.piq, "6", "Eenadu"
com.shopclues.iosapp, "97", "ShopClues"
com.truesoftware.TrueCallerOther, "4", "Truecaller"
com.google.ChromeRemoteDesktop, "1.0.10.0", "Chrome Remote Desktop"
com.google.Drive, "4.2017.26209", "Drive"
com.apple.Pages, "2160", "Pages"
com.zarboo.SpeakEasyIILite, "2.1", "SpeakEasy"
com.dingding.game.ballooncrush, "20140416", "Crush!"
com.apple.Keynote, "2180", "Keynote"
com.google.Authenticator, "3.0.1205", "Authenticator"
com.google.Maps, "4.32.1002", "Google Maps"
com.apple.itunesu, "1481", "iTunes U"
com.varasol.TeluguPanchangamCalendar, "1", "Telugu Calendar Panchangam"
olacabs.OlaCabs, "4.2.6", "Olacabs"
com.ubercab.UberClient, "3.225.3", "Uber"
com.google.ios.youtube, "11.07.9", "YouTube"
com.ihandysoft.barcode.qr.free, "1.1.6.1", "Quick Scan"
com.intsig.CamScannerLite, "3.9.13.13055", "CamScanner"
com.apple.mobilegarageband, "4257.23", "GarageBand"
BookMyShow.com, "78", "BookMyShow"
com.google.photos, "2.8.145342516", "Google Photos"
com.google.Chromecast, "1.16.1405", "Google Cast"
com.apple.iMovie, "2347.0.63", "iMovie"
org.videolan.vlc-ios, "278.1", "VLC"
com.apple.Numbers, "2163", "Numbers"
com.google.chrome.ios, "59.0.3071.102", "Chrome"
com.microsoft.Office.Outlook, "24481", "Outlook"
com.appflipkart.flipkart, "4.5.2", "Flipkart"
com.amazon.Amazon, "21219.1", "Amazon"
com.bigduckgames.flow, "2.9.1", "Flow Free"
com.youbroadband.mobapp, "1.1", "YOU Broadband"
com.BhartiMobile.myairtel, "147", "My Airtel"
com.greytip.ghress, "3.5.0", "greytHR"
com.google.Gmail, "5.0.170312.600872", "Gmail"
imoimiphone, "7.00.5906", "imo"
net.whatsapp.WhatsApp, "2.17.41.17", "WhatsApp"
com.one97.paytm, "657", "Paytm"
com.lenovo.anyshare, "2560000004", "SHAREit"
com.apple.test.WebDriverAgentRunner-Runner, "1", "WebDriverAgentRunner-Runner"
com.facebook.Messenger, "53726189", "Messenger"
com.srajvenkat.Device-Identifiers, "3", "Developer Info"
com.tinyspeck.chatlyio, "362477", "Slack"
com.axisbank.axismobile, "3.3.1", "Axis Mobile"
com.skype.skype, "8.8.0.61630", "Skype"
net.peakgames.amy, "3322", "Toy Blast"
com.one97.mall, "55", "Mall"
com.google.hangouts, "17.0.159915798", "Hangouts"
com.Bharti.AirtelMusicApp, "98", "Wynk Music"
com.jio.jioplay, "1.1.14", "JioTV"
com.facebook.Facebook, "75938921", "Facebook"
com.apple.TestFlight, "81", "TestFlight"
CFBundleIdentifier, CFBundleVersion, CFBundleDisplayName
com.apple.TestFlight, "81", "TestFlight"
com.google.ios.youtube, "12.43.8", "YouTube"
com.apple.test.WebDriverAgentRunner-Runner, "1", "WebDriverAgentRunner-Runner"
CFBundleIdentifier, CFBundleVersion, CFBundleDisplayName
com.apple.test.WebDriverAgentRunner-Runner, "1", "WebDriverAgentRunner-Runner"
com.weather.TWC, "423868", "The Weather"
com.apple.TestFlight, "81", "TestFlight"
com.google.ios.youtube, "12.43.8", "YouTube"
CFBundleIdentifier, CFBundleVersion, CFBundleDisplayName
com.weather.TWC, "423776", "The Weather"
com.apple.test.WebDriverAgentRunner-Runner, "1", "WebDriverAgentRunner-Runner"
com.apple.TestFlight, "81", "TestFlight"
com.google.ios.youtube, "12.43.8", "YouTube"
CFBundleIdentifier, CFBundleVersion, CFBundleDisplayName
com.apple.test.WebDriverAgentRunner-Runner, "1", "WebDriverAgentRunner-Runner"
com.weather.TWC, "423776", "The Weather"
com.apple.TestFlight, "81", "TestFlight"
com.google.ios.youtube, "12.43.8", "YouTube"
CFBundleIdentifier, CFBundleVersion, CFBundleDisplayName
com.weather.TWC, "423859", "The Weather"
com.apple.test.WebDriverAgentRunner-Runner, "1", "WebDriverAgentRunner-Runner"
com.apple.TestFlight, "81", "TestFlight"
com.google.ios.youtube, "12.43.8", "YouTube"
CFBundleIdentifier, CFBundleVersion, CFBundleDisplayName
com.apple.test.WebDriverAgentRunner-Runner, "1", "WebDriverAgentRunner-Runner"
com.weather.TWC, "423776", "The Weather"
com.apple.TestFlight, "81", "TestFlight"
com.google.ios.youtube, "12.43.8", "YouTube"
CFBundleIdentifier, CFBundleVersion, CFBundleDisplayName
com.apple.test.WebDriverAgentRunner-Runner, "1", "WebDriverAgentRunner-Runner"
com.apple.TestFlight, "81", "TestFlight"
com.google.ios.youtube, "12.43.8", "YouTube"
CFBundleIdentifier, CFBundleVersion, CFBundleDisplayName
com.weather.TWC, "423776", "The Weather"
com.apple.test.WebDriverAgentRunner-Runner, "1", "WebDriverAgentRunner-Runner"
com.apple.TestFlight, "81", "TestFlight"
com.google.ios.youtube, "12.43.8", "YouTube"
CFBundleIdentifier, CFBundleVersion, CFBundleDisplayName
com.weather.TWC, "423776", "The Weather"
com.apple.test.WebDriverAgentRunner-Runner, "1", "WebDriverAgentRunner-Runner"
com.apple.TestFlight, "81", "TestFlight"
com.google.ios.youtube, "12.43.8", "YouTube"
CFBundleIdentifier, CFBundleVersion, CFBundleDisplayName
com.apple.test.WebDriverAgentRunner-Runner, "1", "WebDriverAgentRunner-Runner"
com.weather.TWC, "423776", "The Weather"
com.apple.TestFlight, "81", "TestFlight"
com.google.ios.youtube, "12.43.8", "YouTube"
CFBundleIdentifier, CFBundleVersion, CFBundleDisplayName
com.apple.test.WebDriverAgentRunner-Runner, "1", "WebDriverAgentRunner-Runner"
com.weather.TWC, "423776", "The Weather"
com.apple.TestFlight, "81", "TestFlight"
com.google.ios.youtube, "12.43.8", "YouTube"
CFBundleIdentifier, CFBundleVersion, CFBundleDisplayName
com.apple.test.WebDriverAgentRunner-Runner, "1", "WebDriverAgentRunner-Runner"
com.apple.TestFlight, "81", "TestFlight"
com.weather.TWC, "423776", "The Weather"
com.google.ios.youtube, "12.43.8", "YouTube"
CFBundleIdentifier, CFBundleVersion, CFBundleDisplayName
com.apple.TestFlight, "81", "TestFlight"
com.apple.test.WebDriverAgentRunner-Runner, "1", "WebDriverAgentRunner-Runner"
com.google.ios.youtube, "12.43.8", "YouTube"
CFBundleIdentifier, CFBundleVersion, CFBundleDisplayName
com.apple.TestFlight, "81", "TestFlight"
com.apple.test.WebDriverAgentRunner-Runner, "1", "WebDriverAgentRunner-Runner"
com.weather.TWC, "423879", "The Weather"
com.google.ios.youtube, "12.43.8", "YouTube"
CFBundleIdentifier, CFBundleVersion, CFBundleDisplayName
com.apple.TestFlight, "81", "TestFlight"
com.apple.test.WebDriverAgentRunner-Runner, "1", "WebDriverAgentRunner-Runner"
com.weather.TWC, "423776", "The Weather"
com.google.ios.youtube, "12.43.8", "YouTube"
CFBundleIdentifier, CFBundleVersion, CFBundleDisplayName
com.apple.TestFlight, "81", "TestFlight"
com.apple.test.WebDriverAgentRunner-Runner, "1", "WebDriverAgentRunner-Runner"
com.weather.TWC, "423776", "The Weather"
com.google.ios.youtube, "12.43.8", "YouTube"
CFBundleIdentifier, CFBundleVersion, CFBundleDisplayName
com.apple.TestFlight, "81", "TestFlight"
com.apple.test.WebDriverAgentRunner-Runner, "1", "WebDriverAgentRunner-Runner"
com.weather.TWC, "423776", "The Weather"
com.google.ios.youtube, "12.43.8", "YouTube"
CFBundleIdentifier, CFBundleVersion, CFBundleDisplayName
com.apple.TestFlight, "81", "TestFlight"
com.google.ios.youtube, "12.44.16", "YouTube"
com.apple.test.WebDriverAgentRunner-Runner, "1", "WebDriverAgentRunner-Runner"
com.weather.TWC, "423886", "The Weather"
CFBundleIdentifier, CFBundleVersion, CFBundleDisplayName
com.apple.TestFlight, "81", "TestFlight"
com.google.ios.youtube, "12.44.16", "YouTube"
net.whatsapp.WhatsApp, "2.17.82.19", "WhatsApp"
com.facebook.Facebook, "80278251", "Facebook"
com.apple.test.WebDriverAgentRunner-Runner, "1", "WebDriverAgentRunner-Runner"
com.weather.TWC, "423930", "The Weather"
com.lenovo.anyshare, "3020728080", "SHAREit"
CFBundleIdentifier, CFBundleVersion, CFBundleDisplayName
com.apple.TestFlight, "81", "TestFlight"
com.google.ios.youtube, "12.44.16", "YouTube"
net.whatsapp.WhatsApp, "2.17.82.19", "WhatsApp"
com.facebook.Facebook, "80278251", "Facebook"
com.weather.TWC, "423930", "The Weather"
com.apple.test.WebDriverAgentRunner-Runner, "1", "WebDriverAgentRunner-Runner"
com.lenovo.anyshare, "3020728080", "SHAREit"
CFBundleIdentifier, CFBundleVersion, CFBundleDisplayName
com.apple.TestFlight, "81", "TestFlight"
com.apple.test.WebDriverAgentRunner-Runner, "1", "WebDriverAgentRunner-Runner"
com.google.ios.youtube, "12.44.16", "YouTube"
com.weather.TWC, "423992", "The Weather"
net.whatsapp.WhatsApp, "2.17.82.19", "WhatsApp"
com.facebook.Facebook, "80278251", "Facebook"
com.lenovo.anyshare, "3020728080", "SHAREit"
CFBundleIdentifier, CFBundleVersion, CFBundleDisplayName
com.apple.TestFlight, "81", "TestFlight"
com.google.ios.youtube, "12.44.16", "YouTube"
com.weather.TWC, "423947", "The Weather"
com.apple.test.WebDriverAgentRunner-Runner, "1", "WebDriverAgentRunner-Runner"
net.whatsapp.WhatsApp, "2.17.82.19", "WhatsApp"
com.facebook.Facebook, "80278251", "Facebook"
com.lenovo.anyshare, "3020728080", "SHAREit"
CFBundleIdentifier, CFBundleVersion, CFBundleDisplayName
com.apple.TestFlight, "81", "TestFlight"
com.google.ios.youtube, "12.44.16", "YouTube"
net.whatsapp.WhatsApp, "2.17.82.19", "WhatsApp"
com.facebook.Facebook, "80278251", "Facebook"
com.apple.test.WebDriverAgentRunner-Runner, "1", "WebDriverAgentRunner-Runner"
com.weather.TWC, "423996", "The Weather"
com.lenovo.anyshare, "3020728080", "SHAREit"
CFBundleIdentifier, CFBundleVersion, CFBundleDisplayName
com.apple.TestFlight, "81", "TestFlight"
com.google.ios.youtube, "12.44.16", "YouTube"
net.whatsapp.WhatsApp, "2.17.82.19", "WhatsApp"
com.facebook.Facebook, "80278251", "Facebook"
com.apple.test.WebDriverAgentRunner-Runner, "1", "WebDriverAgentRunner-Runner"
com.weather.TWC, "423947", "The Weather"
com.lenovo.anyshare, "3020728080", "SHAREit"
CFBundleIdentifier, CFBundleVersion, CFBundleDisplayName
com.apple.TestFlight, "81", "TestFlight"
com.google.ios.youtube, "12.44.16", "YouTube"
net.whatsapp.WhatsApp, "2.17.82.19", "WhatsApp"
com.facebook.Facebook, "80278251", "Facebook"
com.apple.test.WebDriverAgentRunner-Runner, "1", "WebDriverAgentRunner-Runner"
com.weather.TWC, "423947", "The Weather"
com.lenovo.anyshare, "3020728080", "SHAREit"
CFBundleIdentifier, CFBundleVersion, CFBundleDisplayName
com.apple.TestFlight, "81", "TestFlight"
com.google.ios.youtube, "12.44.16", "YouTube"
net.whatsapp.WhatsApp, "2.17.82.19", "WhatsApp"
com.facebook.Facebook, "80278251", "Facebook"
com.apple.test.WebDriverAgentRunner-Runner, "1", "WebDriverAgentRunner-Runner"
com.weather.TWC, "423947", "The Weather"
com.lenovo.anyshare, "3020728080", "SHAREit"
CFBundleIdentifier, CFBundleVersion, CFBundleDisplayName
com.apple.TestFlight, "81", "TestFlight"
com.google.ios.youtube, "12.44.16", "YouTube"
net.whatsapp.WhatsApp, "2.17.82.19", "WhatsApp"
com.facebook.Facebook, "80278251", "Facebook"
com.apple.test.WebDriverAgentRunner-Runner, "1", "WebDriverAgentRunner-Runner"
com.weather.TWC, "423947", "The Weather"
com.lenovo.anyshare, "3020728080", "SHAREit"
CFBundleIdentifier, CFBundleVersion, CFBundleDisplayName
com.apple.TestFlight, "81", "TestFlight"
com.google.ios.youtube, "12.44.16", "YouTube"
net.whatsapp.WhatsApp, "2.17.82.19", "WhatsApp"
com.facebook.Facebook, "80278251", "Facebook"
com.apple.test.WebDriverAgentRunner-Runner, "1", "WebDriverAgentRunner-Runner"
com.weather.TWC, "423998", "The Weather"
com.lenovo.anyshare, "3020728080", "SHAREit"
CFBundleIdentifier, CFBundleVersion, CFBundleDisplayName
com.apple.TestFlight, "81", "TestFlight"
com.google.ios.youtube, "12.44.16", "YouTube"
net.whatsapp.WhatsApp, "2.17.82.19", "WhatsApp"
com.facebook.Facebook, "80278251", "Facebook"
com.apple.test.WebDriverAgentRunner-Runner, "1", "WebDriverAgentRunner-Runner"
com.weather.TWC, "423947", "The Weather"
com.lenovo.anyshare, "3020728080", "SHAREit"
CFBundleIdentifier, CFBundleVersion, CFBundleDisplayName
com.apple.TestFlight, "81", "TestFlight"
com.google.ios.youtube, "12.44.16", "YouTube"
net.whatsapp.WhatsApp, "2.17.82.19", "WhatsApp"
com.facebook.Facebook, "80278251", "Facebook"
com.apple.test.WebDriverAgentRunner-Runner, "1", "WebDriverAgentRunner-Runner"
com.weather.TWC, "424000", "The Weather"
com.lenovo.anyshare, "3020728080", "SHAREit"
CFBundleIdentifier, CFBundleVersion, CFBundleDisplayName
com.apple.TestFlight, "81", "TestFlight"
com.google.ios.youtube, "12.44.16", "YouTube"
net.whatsapp.WhatsApp, "2.17.82.19", "WhatsApp"
com.facebook.Facebook, "80278251", "Facebook"
com.apple.test.WebDriverAgentRunner-Runner, "1", "WebDriverAgentRunner-Runner"
com.weather.TWC, "423947", "The Weather"
com.lenovo.anyshare, "3020728080", "SHAREit"
CFBundleIdentifier, CFBundleVersion, CFBundleDisplayName
com.apple.TestFlight, "81", "TestFlight"
com.google.ios.youtube, "12.44.16", "YouTube"
net.whatsapp.WhatsApp, "2.17.82.19", "WhatsApp"
com.facebook.Facebook, "80278251", "Facebook"
com.apple.test.WebDriverAgentRunner-Runner, "1", "WebDriverAgentRunner-Runner"
com.weather.TWC, "423947", "The Weather"
com.lenovo.anyshare, "3020728080", "SHAREit"
CFBundleIdentifier, CFBundleVersion, CFBundleDisplayName
com.apple.TestFlight, "81", "TestFlight"
com.google.ios.youtube, "12.44.16", "YouTube"
net.whatsapp.WhatsApp, "2.17.82.19", "WhatsApp"
com.facebook.Facebook, "80278251", "Facebook"
com.apple.test.WebDriverAgentRunner-Runner, "1", "WebDriverAgentRunner-Runner"
com.weather.TWC, "423947", "The Weather"
com.lenovo.anyshare, "3020728080", "SHAREit"
CFBundleIdentifier, CFBundleVersion, CFBundleDisplayName
com.apple.TestFlight, "81", "TestFlight"
com.google.ios.youtube, "12.44.16", "YouTube"
net.whatsapp.WhatsApp, "2.17.82.19", "WhatsApp"
com.facebook.Facebook, "80278251", "Facebook"
com.apple.test.WebDriverAgentRunner-Runner, "1", "WebDriverAgentRunner-Runner"
com.weather.TWC, "424002", "The Weather"
com.lenovo.anyshare, "3020728080", "SHAREit"
CFBundleIdentifier, CFBundleVersion, CFBundleDisplayName
com.apple.TestFlight, "81", "TestFlight"
com.google.ios.youtube, "12.44.16", "YouTube"
net.whatsapp.WhatsApp, "2.17.82.19", "WhatsApp"
com.facebook.Facebook, "80278251", "Facebook"
com.weather.TWC, "423947", "The Weather"
com.apple.test.WebDriverAgentRunner-Runner, "1", "WebDriverAgentRunner-Runner"
com.lenovo.anyshare, "3020728080", "SHAREit"
CFBundleIdentifier, CFBundleVersion, CFBundleDisplayName
com.apple.TestFlight, "81", "TestFlight"
com.google.ios.youtube, "12.44.16", "YouTube"
net.whatsapp.WhatsApp, "2.17.82.19", "WhatsApp"
com.facebook.Facebook, "80278251", "Facebook"
com.apple.test.WebDriverAgentRunner-Runner, "1", "WebDriverAgentRunner-Runner"
com.weather.TWC, "423947", "The Weather"
com.lenovo.anyshare, "3020728080", "SHAREit"
CFBundleIdentifier, CFBundleVersion, CFBundleDisplayName
com.apple.TestFlight, "81", "TestFlight"
com.google.ios.youtube, "12.44.16", "YouTube"
net.whatsapp.WhatsApp, "2.17.82.19", "WhatsApp"
com.facebook.Facebook, "80278251", "Facebook"
com.apple.test.WebDriverAgentRunner-Runner, "1", "WebDriverAgentRunner-Runner"
com.weather.TWC, "423947", "The Weather"
com.lenovo.anyshare, "3020728080", "SHAREit"
CFBundleIdentifier, CFBundleVersion, CFBundleDisplayName
com.apple.TestFlight, "81", "TestFlight"
net.whatsapp.WhatsApp, "2.17.82.19", "WhatsApp"
com.lenovo.anyshare, "3020758080", "SHAREit"
com.google.ios.youtube, "12.47.16", "YouTube"
com.facebook.Facebook, "84268146", "Facebook"
com.apple.test.WebDriverAgentRunner-Runner, "1", "WebDriverAgentRunner-Runner"
com.weather.TWC, "424006", "The Weather"
CFBundleIdentifier, CFBundleVersion, CFBundleDisplayName
com.apple.TestFlight, "81", "TestFlight"
net.whatsapp.WhatsApp, "2.17.82.19", "WhatsApp"
com.lenovo.anyshare, "3020758080", "SHAREit"
com.google.ios.youtube, "12.47.16", "YouTube"
com.facebook.Facebook, "84268146", "Facebook"
com.apple.test.WebDriverAgentRunner-Runner, "1", "WebDriverAgentRunner-Runner"
com.weather.TWC, "423947", "The Weather"
CFBundleIdentifier, CFBundleVersion, CFBundleDisplayName
com.apple.TestFlight, "81", "TestFlight"
net.whatsapp.WhatsApp, "2.17.82.19", "WhatsApp"
com.lenovo.anyshare, "3020758080", "SHAREit"
com.google.ios.youtube, "12.47.16", "YouTube"
com.facebook.Facebook, "84268146", "Facebook"
com.apple.test.WebDriverAgentRunner-Runner, "1", "WebDriverAgentRunner-Runner"
com.weather.TWC, "423947", "The Weather"
CFBundleIdentifier, CFBundleVersion, CFBundleDisplayName
com.apple.TestFlight, "81", "TestFlight"
net.whatsapp.WhatsApp, "2.17.82.19", "WhatsApp"
com.lenovo.anyshare, "3020758080", "SHAREit"
com.google.ios.youtube, "12.47.16", "YouTube"
com.facebook.Facebook, "84268146", "Facebook"
com.apple.test.WebDriverAgentRunner-Runner, "1", "WebDriverAgentRunner-Runner"
com.weather.TWC, "424008", "The Weather"
CFBundleIdentifier, CFBundleVersion, CFBundleDisplayName
com.apple.TestFlight, "81", "TestFlight"
net.whatsapp.WhatsApp, "2.17.82.19", "WhatsApp"
com.lenovo.anyshare, "3020758080", "SHAREit"
com.google.ios.youtube, "12.47.16", "YouTube"
com.facebook.Facebook, "84268146", "Facebook"
com.apple.test.WebDriverAgentRunner-Runner, "1", "WebDriverAgentRunner-Runner"
com.weather.TWC, "423947", "The Weather"
